{"/Users/rethink/Documents/junior/weatherapp/src/App.tsx": {"path":"/Users/rethink/Documents/junior/weatherapp/src/App.tsx","statementMap":{"0":{"start":{"line":4,"column":12},"end":{"line":8,"column":1}},"1":{"start":{"line":5,"column":2},"end":{"line":7,"column":4}}},"fnMap":{"0":{"name":"(anonymous_0)","decl":{"start":{"line":4,"column":12},"end":{"line":4,"column":13}},"loc":{"start":{"line":4,"column":18},"end":{"line":8,"column":1}},"line":4}},"branchMap":{},"s":{"0":1,"1":1},"f":{"0":1},"b":{},"_coverageSchema":"1a1c01bbd47fc00a2c39e90264f33305004495a9","hash":"b83fc60ecd44f035fa49489613b419c256a3d167"}
,"/Users/rethink/Documents/junior/weatherapp/src/components/index.ts": {"path":"/Users/rethink/Documents/junior/weatherapp/src/components/index.ts","statementMap":{},"fnMap":{},"branchMap":{},"s":{},"f":{},"b":{},"_coverageSchema":"1a1c01bbd47fc00a2c39e90264f33305004495a9","hash":"7479a391584dd282b3267c3ef11fd5aaead72a1c"}
,"/Users/rethink/Documents/junior/weatherapp/src/components/Button/Button.tsx": {"path":"/Users/rethink/Documents/junior/weatherapp/src/components/Button/Button.tsx","statementMap":{"0":{"start":{"line":18,"column":15},"end":{"line":47,"column":1}},"1":{"start":{"line":25,"column":4},"end":{"line":46,"column":6}},"2":{"start":{"line":49,"column":15},"end":{"line":61,"column":2}}},"fnMap":{"0":{"name":"(anonymous_0)","decl":{"start":{"line":18,"column":15},"end":{"line":18,"column":16}},"loc":{"start":{"line":24,"column":19},"end":{"line":47,"column":1}},"line":24}},"branchMap":{"0":{"loc":{"start":{"line":31,"column":21},"end":{"line":42,"column":25}},"type":"cond-expr","locations":[{"start":{"line":33,"column":28},"end":{"line":37,"column":30}},{"start":{"line":39,"column":28},"end":{"line":41,"column":35}}],"line":31}},"s":{"0":5,"1":31,"2":5},"f":{"0":31},"b":{"0":[11,20]},"_coverageSchema":"1a1c01bbd47fc00a2c39e90264f33305004495a9","hash":"a0ab52d147a5b6e2898f8e6e06d1dad113ec855b"}
,"/Users/rethink/Documents/junior/weatherapp/src/components/WeatherCoordinates/WeatherCoordinates.tsx": {"path":"/Users/rethink/Documents/junior/weatherapp/src/components/WeatherCoordinates/WeatherCoordinates.tsx","statementMap":{"0":{"start":{"line":18,"column":25},"end":{"line":21,"column":2}},"1":{"start":{"line":23,"column":27},"end":{"line":98,"column":1}},"2":{"start":{"line":24,"column":21},"end":{"line":24,"column":36}},"3":{"start":{"line":26,"column":36},"end":{"line":29,"column":3}},"4":{"start":{"line":31,"column":15},"end":{"line":35,"column":4}},"5":{"start":{"line":37,"column":23},"end":{"line":39,"column":4}},"6":{"start":{"line":38,"column":4},"end":{"line":38,"column":43}},"7":{"start":{"line":41,"column":2},"end":{"line":97,"column":4}},"8":{"start":{"line":51,"column":12},"end":{"line":67,"column":14}},"9":{"start":{"line":74,"column":12},"end":{"line":90,"column":14}}},"fnMap":{"0":{"name":"(anonymous_0)","decl":{"start":{"line":23,"column":27},"end":{"line":23,"column":28}},"loc":{"start":{"line":23,"column":33},"end":{"line":98,"column":1}},"line":23},"1":{"name":"(anonymous_1)","decl":{"start":{"line":37,"column":41},"end":{"line":37,"column":42}},"loc":{"start":{"line":37,"column":53},"end":{"line":39,"column":3}},"line":37},"2":{"name":"(anonymous_2)","decl":{"start":{"line":50,"column":18},"end":{"line":50,"column":19}},"loc":{"start":{"line":51,"column":12},"end":{"line":67,"column":14}},"line":51},"3":{"name":"(anonymous_3)","decl":{"start":{"line":73,"column":18},"end":{"line":73,"column":19}},"loc":{"start":{"line":74,"column":12},"end":{"line":90,"column":14}},"line":74}},"branchMap":{},"s":{"0":2,"1":2,"2":2,"3":2,"4":2,"5":2,"6":1,"7":2,"8":6,"9":6},"f":{"0":2,"1":1,"2":6,"3":6},"b":{},"_coverageSchema":"1a1c01bbd47fc00a2c39e90264f33305004495a9","hash":"d061296d04b0fff7faefb2701205ea415401b6e2"}
,"/Users/rethink/Documents/junior/weatherapp/src/components/WeatherCurrent/WeatherCurrent.tsx": {"path":"/Users/rethink/Documents/junior/weatherapp/src/components/WeatherCurrent/WeatherCurrent.tsx","statementMap":{"0":{"start":{"line":7,"column":23},"end":{"line":34,"column":1}},"1":{"start":{"line":8,"column":28},"end":{"line":8,"column":43}},"2":{"start":{"line":9,"column":32},"end":{"line":9,"column":47}},"3":{"start":{"line":10,"column":21},"end":{"line":10,"column":36}},"4":{"start":{"line":12,"column":30},"end":{"line":23,"column":18}},"5":{"start":{"line":13,"column":4},"end":{"line":13,"column":20}},"6":{"start":{"line":14,"column":4},"end":{"line":14,"column":21}},"7":{"start":{"line":15,"column":4},"end":{"line":20,"column":5}},"8":{"start":{"line":16,"column":23},"end":{"line":16,"column":65}},"9":{"start":{"line":17,"column":6},"end":{"line":17,"column":47}},"10":{"start":{"line":19,"column":6},"end":{"line":19,"column":21}},"11":{"start":{"line":22,"column":4},"end":{"line":22,"column":22}},"12":{"start":{"line":25,"column":2},"end":{"line":33,"column":4}}},"fnMap":{"0":{"name":"(anonymous_0)","decl":{"start":{"line":7,"column":23},"end":{"line":7,"column":24}},"loc":{"start":{"line":7,"column":29},"end":{"line":34,"column":1}},"line":7},"1":{"name":"(anonymous_1)","decl":{"start":{"line":12,"column":42},"end":{"line":12,"column":43}},"loc":{"start":{"line":12,"column":54},"end":{"line":23,"column":3}},"line":12}},"branchMap":{"0":{"loc":{"start":{"line":31,"column":13},"end":{"line":31,"column":67}},"type":"binary-expr","locations":[{"start":{"line":31,"column":13},"end":{"line":31,"column":18}},{"start":{"line":31,"column":22},"end":{"line":31,"column":67}}],"line":31}},"s":{"0":2,"1":24,"2":24,"3":24,"4":24,"5":7,"6":7,"7":7,"8":7,"9":3,"10":3,"11":6,"12":24},"f":{"0":24,"1":7},"b":{"0":[24,6]},"_coverageSchema":"1a1c01bbd47fc00a2c39e90264f33305004495a9","hash":"5235b9cb2ecd976f405eaf58d86bbfded27e7f25"}
,"/Users/rethink/Documents/junior/weatherapp/src/pages/index.ts": {"path":"/Users/rethink/Documents/junior/weatherapp/src/pages/index.ts","statementMap":{},"fnMap":{},"branchMap":{},"s":{},"f":{},"b":{},"_coverageSchema":"1a1c01bbd47fc00a2c39e90264f33305004495a9","hash":"82387a6685fd3ca259245c93d6b699da3139cf4b"}
,"/Users/rethink/Documents/junior/weatherapp/src/pages/AppRouter/AppRouter.tsx": {"path":"/Users/rethink/Documents/junior/weatherapp/src/pages/AppRouter/AppRouter.tsx","statementMap":{"0":{"start":{"line":13,"column":18},"end":{"line":13,"column":60}},"1":{"start":{"line":15,"column":18},"end":{"line":24,"column":1}},"2":{"start":{"line":16,"column":2},"end":{"line":23,"column":4}}},"fnMap":{"0":{"name":"(anonymous_0)","decl":{"start":{"line":15,"column":18},"end":{"line":15,"column":19}},"loc":{"start":{"line":15,"column":24},"end":{"line":24,"column":1}},"line":15}},"branchMap":{},"s":{"0":1,"1":1,"2":2},"f":{"0":2},"b":{},"_coverageSchema":"1a1c01bbd47fc00a2c39e90264f33305004495a9","hash":"f6b208198b4274021cdd39d1adaa4f424903f59d"}
,"/Users/rethink/Documents/junior/weatherapp/src/pages/HomeScreen/HomeScreen.tsx": {"path":"/Users/rethink/Documents/junior/weatherapp/src/pages/HomeScreen/HomeScreen.tsx","statementMap":{"0":{"start":{"line":10,"column":19},"end":{"line":33,"column":1}},"1":{"start":{"line":11,"column":16},"end":{"line":11,"column":34}},"2":{"start":{"line":12,"column":2},"end":{"line":32,"column":4}},"3":{"start":{"line":35,"column":15},"end":{"line":57,"column":2}}},"fnMap":{"0":{"name":"(anonymous_0)","decl":{"start":{"line":10,"column":19},"end":{"line":10,"column":20}},"loc":{"start":{"line":10,"column":25},"end":{"line":33,"column":1}},"line":10}},"branchMap":{},"s":{"0":2,"1":6,"2":6,"3":2},"f":{"0":6},"b":{},"_coverageSchema":"1a1c01bbd47fc00a2c39e90264f33305004495a9","hash":"c6a56e8b5aaf76e5a38b75d1672b2c41c871634e"}
,"/Users/rethink/Documents/junior/weatherapp/src/pages/WeatherScreen/WeatherScreen.tsx": {"path":"/Users/rethink/Documents/junior/weatherapp/src/pages/WeatherScreen/WeatherScreen.tsx","statementMap":{"0":{"start":{"line":4,"column":22},"end":{"line":6,"column":1}},"1":{"start":{"line":5,"column":4},"end":{"line":5,"column":46}}},"fnMap":{"0":{"name":"(anonymous_0)","decl":{"start":{"line":4,"column":22},"end":{"line":4,"column":23}},"loc":{"start":{"line":4,"column":28},"end":{"line":6,"column":1}},"line":4}},"branchMap":{},"s":{"0":2,"1":1},"f":{"0":1},"b":{},"_coverageSchema":"1a1c01bbd47fc00a2c39e90264f33305004495a9","hash":"f85f9f3e1158ce0477168e7e551fdc982acd794e"}
,"/Users/rethink/Documents/junior/weatherapp/src/services/LocationService.ts": {"path":"/Users/rethink/Documents/junior/weatherapp/src/services/LocationService.ts","statementMap":{"0":{"start":{"line":5,"column":8},"end":{"line":10,"column":12}},"1":{"start":{"line":8,"column":44},"end":{"line":10,"column":9}}},"fnMap":{"0":{"name":"(anonymous_0)","decl":{"start":{"line":4,"column":4},"end":{"line":4,"column":5}},"loc":{"start":{"line":4,"column":38},"end":{"line":11,"column":5}},"line":4},"1":{"name":"(anonymous_1)","decl":{"start":{"line":8,"column":16},"end":{"line":8,"column":17}},"loc":{"start":{"line":8,"column":44},"end":{"line":10,"column":9}},"line":8}},"branchMap":{},"s":{"0":4,"1":4},"f":{"0":4,"1":4},"b":{},"_coverageSchema":"1a1c01bbd47fc00a2c39e90264f33305004495a9","hash":"e686c6e6ebec00e22864b454c7f9067372174e26"}
,"/Users/rethink/Documents/junior/weatherapp/src/utils/constants.ts": {"path":"/Users/rethink/Documents/junior/weatherapp/src/utils/constants.ts","statementMap":{},"fnMap":{},"branchMap":{},"s":{},"f":{},"b":{},"_coverageSchema":"1a1c01bbd47fc00a2c39e90264f33305004495a9","hash":"ad29aa5d1ce43022abb4a003d66e2b59424fd92d"}
}
