TN:
SF:src/App.tsx
FN:4,(anonymous_0)
FNF:1
FNH:1
FNDA:1,(anonymous_0)
DA:4,1
DA:5,1
LF:2
LH:2
BRF:0
BRH:0
end_of_record
TN:
SF:src/components/index.ts
FNF:0
FNH:0
LF:0
LH:0
BRF:0
BRH:0
end_of_record
TN:
SF:src/components/Button/Button.tsx
FN:18,(anonymous_0)
FNF:1
FNH:1
FNDA:31,(anonymous_0)
DA:18,5
DA:25,31
DA:49,5
LF:3
LH:3
BRDA:31,0,0,11
BRDA:31,0,1,20
BRF:2
BRH:2
end_of_record
TN:
SF:src/components/WeatherCoordinates/WeatherCoordinates.tsx
FN:23,(anonymous_0)
FN:37,(anonymous_1)
FN:50,(anonymous_2)
FN:73,(anonymous_3)
FNF:4
FNH:4
FNDA:2,(anonymous_0)
FNDA:1,(anonymous_1)
FNDA:6,(anonymous_2)
FNDA:6,(anonymous_3)
DA:18,2
DA:23,2
DA:24,2
DA:26,2
DA:31,2
DA:37,2
DA:38,1
DA:41,2
DA:51,6
DA:74,6
LF:10
LH:10
BRF:0
BRH:0
end_of_record
TN:
SF:src/components/WeatherCurrent/WeatherCurrent.tsx
FN:7,(anonymous_0)
FN:12,(anonymous_1)
FNF:2
FNH:2
FNDA:24,(anonymous_0)
FNDA:7,(anonymous_1)
DA:7,2
DA:8,24
DA:9,24
DA:10,24
DA:12,24
DA:13,7
DA:14,7
DA:15,7
DA:16,7
DA:17,3
DA:19,3
DA:22,6
DA:25,24
LF:13
LH:13
BRDA:31,0,0,24
BRDA:31,0,1,6
BRF:2
BRH:2
end_of_record
TN:
SF:src/pages/index.ts
FNF:0
FNH:0
LF:0
LH:0
BRF:0
BRH:0
end_of_record
TN:
SF:src/pages/AppRouter/AppRouter.tsx
FN:15,(anonymous_0)
FNF:1
FNH:1
FNDA:2,(anonymous_0)
DA:13,1
DA:15,1
DA:16,2
LF:3
LH:3
BRF:0
BRH:0
end_of_record
TN:
SF:src/pages/HomeScreen/HomeScreen.tsx
FN:10,(anonymous_0)
FNF:1
FNH:1
FNDA:6,(anonymous_0)
DA:10,2
DA:11,6
DA:12,6
DA:35,2
LF:4
LH:4
BRF:0
BRH:0
end_of_record
TN:
SF:src/pages/WeatherScreen/WeatherScreen.tsx
FN:4,(anonymous_0)
FNF:1
FNH:1
FNDA:1,(anonymous_0)
DA:4,2
DA:5,1
LF:2
LH:2
BRF:0
BRH:0
end_of_record
TN:
SF:src/services/LocationService.ts
FN:4,(anonymous_0)
FN:8,(anonymous_1)
FNF:2
FNH:2
FNDA:4,(anonymous_0)
FNDA:4,(anonymous_1)
DA:5,4
DA:8,4
LF:2
LH:2
BRF:0
BRH:0
end_of_record
TN:
SF:src/utils/constants.ts
FNF:0
FNH:0
LF:0
LH:0
BRF:0
BRH:0
end_of_record
